<?xml version="1.0" encoding="UTF-8"?>
<testsuite name="CipherDecryptTest" tests="1" skipped="0" failures="0" errors="0" timestamp="2021-09-04T16:55:09" hostname="japhethnyaranga" time="0.04">
  <properties/>
  <testcase name="decriptTest()" classname="CipherDecryptTest" time="0.04"/>
  <system-out><![CDATA[]]></system-out>
  <system-err><![CDATA[]]></system-err>
</testsuite>
